<?xml version="1.0" encoding="UTF-8"?>
<!-- Generated by org.testng.reporters.JUnitReportReporter -->
<testsuite hostname="Pawan" failures="0" tests="1" name="food.LaunchFoodMarket_Test" time="3.631" errors="0" timestamp="2024-02-22T11:27:23 GMT" skipped="0">
  <testcase classname="food.LaunchFoodMarket_Test" name="foodMarket" time="3.631"/>
  <system-out/>
</testsuite> <!-- food.LaunchFoodMarket_Test -->
