<?xml version="1.0" encoding="UTF-8"?>
<!-- Generated by org.testng.reporters.JUnitReportReporter -->
<testsuite hostname="Pawan" failures="0" tests="1" name="common.LaunchBoat_Test" time="4.349" errors="0" timestamp="2024-02-22T11:26:18 GMT" skipped="0">
  <testcase classname="common.LaunchBoat_Test" name="boat" time="4.349"/>
  <system-out/>
</testsuite> <!-- common.LaunchBoat_Test -->
