<?xml version="1.0" encoding="UTF-8"?>
<!-- Generated by org.testng.reporters.JUnitReportReporter -->
<testsuite hostname="Pawan" failures="0" tests="1" name="food.LaunchSwiggy_Test" time="2.780" errors="0" timestamp="2024-02-22T11:27:23 GMT" skipped="0">
  <testcase classname="food.LaunchSwiggy_Test" name="swiggy" time="2.780"/>
  <system-out/>
</testsuite> <!-- food.LaunchSwiggy_Test -->
