<?xml version="1.0" encoding="UTF-8"?>
<!-- Generated by org.testng.reporters.JUnitReportReporter -->
<testsuite hostname="Pawan" failures="0" tests="1" name="beauty.LaunchPurplle_Test" time="1.753" errors="0" timestamp="2024-02-22T11:25:04 GMT" skipped="0">
  <testcase classname="beauty.LaunchPurplle_Test" name="purple" time="1.753"/>
  <system-out/>
</testsuite> <!-- beauty.LaunchPurplle_Test -->
