<?xml version="1.0" encoding="UTF-8"?>
<!-- Generated by org.testng.reporters.JUnitReportReporter -->
<testsuite hostname="Pawan" failures="0" tests="1" name="common.LaunchAmazon_Test" time="1.190" errors="0" timestamp="2024-02-22T11:26:18 GMT" skipped="0">
  <testcase classname="common.LaunchAmazon_Test" name="amazon" time="1.190"/>
  <system-out/>
</testsuite> <!-- common.LaunchAmazon_Test -->
