<?xml version="1.0" encoding="UTF-8"?>
<!-- Generated by org.testng.reporters.JUnitReportReporter -->
<testsuite hostname="Pawan" failures="0" tests="1" name="beauty.LaunchSugar_Test" time="8.142" errors="0" timestamp="2024-02-22T11:25:04 GMT" skipped="0">
  <testcase classname="beauty.LaunchSugar_Test" name="sugar" time="8.142"/>
  <system-out/>
</testsuite> <!-- beauty.LaunchSugar_Test -->
