<?xml version="1.0" encoding="UTF-8"?>
<!-- Generated by org.testng.reporters.JUnitReportReporter -->
<testsuite hostname="Pawan" failures="0" tests="1" name="common.LaunchDisney_Test" time="1.375" errors="0" timestamp="2024-02-22T11:26:18 GMT" skipped="0">
  <testcase classname="common.LaunchDisney_Test" name="disney" time="1.375"/>
  <system-out/>
</testsuite> <!-- common.LaunchDisney_Test -->
