<?xml version="1.0" encoding="UTF-8"?>
<!-- Generated by org.testng.reporters.JUnitReportReporter -->
<testsuite hostname="Pawan" failures="0" tests="1" name="common.LaunchLenskart_Test" time="6.705" errors="0" timestamp="2024-02-22T11:26:18 GMT" skipped="0">
  <testcase classname="common.LaunchLenskart_Test" name="lenskart" time="6.705"/>
  <system-out/>
</testsuite> <!-- common.LaunchLenskart_Test -->
