<?xml version="1.0" encoding="UTF-8"?>
<!-- Generated by org.testng.reporters.JUnitReportReporter -->
<testsuite hostname="Pawan" failures="0" tests="1" name="common.LaunchDemo_Test" time="1.965" errors="0" timestamp="2024-02-22T11:26:18 GMT" skipped="0">
  <testcase classname="common.LaunchDemo_Test" name="demo" time="1.965"/>
  <system-out/>
</testsuite> <!-- common.LaunchDemo_Test -->
