<?xml version="1.0" encoding="UTF-8"?>
<!-- Generated by org.testng.reporters.JUnitReportReporter -->
<testsuite hostname="Pawan" failures="0" tests="1" name="food.LaunchSeriousEats_Test" time="1.283" errors="0" timestamp="2024-02-22T11:27:23 GMT" skipped="0">
  <testcase classname="food.LaunchSeriousEats_Test" name="seriousEats" time="1.283"/>
  <system-out/>
</testsuite> <!-- food.LaunchSeriousEats_Test -->
