<?xml version="1.0" encoding="UTF-8"?>
<!-- Generated by org.testng.reporters.JUnitReportReporter -->
<testsuite hostname="Pawan" failures="0" tests="1" name="food.LaunchDominos_Test" time="1.790" errors="0" timestamp="2024-02-22T11:27:23 GMT" skipped="0">
  <testcase classname="food.LaunchDominos_Test" name="dominos" time="1.790"/>
  <system-out/>
</testsuite> <!-- food.LaunchDominos_Test -->
