<?xml version="1.0" encoding="UTF-8"?>
<!-- Generated by org.testng.reporters.JUnitReportReporter -->
<testsuite hostname="Pawan" failures="0" tests="1" name="beauty.LaunchLakme_Test" time="6.340" errors="0" timestamp="2024-02-22T11:25:04 GMT" skipped="0">
  <testcase classname="beauty.LaunchLakme_Test" name="lakme" time="6.340"/>
  <system-out/>
</testsuite> <!-- beauty.LaunchLakme_Test -->
