<?xml version="1.0" encoding="UTF-8"?>
<!-- Generated by org.testng.reporters.JUnitReportReporter -->
<testsuite hostname="Pawan" failures="0" tests="1" name="smoke.TestScript_01_Test" time="0.000" errors="0" timestamp="2024-02-22T10:33:29 GMT" skipped="0">
  <testcase classname="smoke.TestScript_01_Test" name="demo" time="0.000"/>
  <system-out/>
</testsuite> <!-- smoke.TestScript_01_Test -->
