<?xml version="1.0" encoding="UTF-8"?>
<!-- Generated by org.testng.reporters.JUnitReportReporter -->
<testsuite hostname="Pawan" failures="0" tests="4" name="testNGMethod.MultipleDataUsingExcel" time="34.962" errors="0" timestamp="2024-02-13T11:20:04 GMT" skipped="0">
  <testcase classname="testNGMethod.MultipleDataUsingExcel" name="registerdata" time="8.078"/>
  <system-out/>
  <testcase classname="testNGMethod.MultipleDataUsingExcel" name="registerdata" time="8.188"/>
  <system-out/>
  <testcase classname="testNGMethod.MultipleDataUsingExcel" name="registerdata" time="9.382"/>
  <system-out/>
  <testcase classname="testNGMethod.MultipleDataUsingExcel" name="registerdata" time="9.314"/>
  <system-out/>
</testsuite> <!-- testNGMethod.MultipleDataUsingExcel -->
