<?xml version="1.0" encoding="UTF-8"?>
<!-- Generated by org.testng.reporters.JUnitReportReporter -->
<testsuite hostname="Pawan" failures="0" tests="2" name="testNGMethod.DataProviderMethod" time="0.016" errors="0" timestamp="2024-02-12T11:38:18 GMT" skipped="0">
  <testcase classname="testNGMethod.DataProviderMethod" name="demo" time="0.002"/>
  <system-out>
    <![CDATA[Sharmila
UK
9886672834
O+
sharmila@gmail.com]]>
  </system-out>
  <testcase classname="testNGMethod.DataProviderMethod" name="demo" time="0.014"/>
  <system-out>
    <![CDATA[Rekha
India
238772834
B+
rekha@gmail.com]]>
  </system-out>
</testsuite> <!-- testNGMethod.DataProviderMethod -->
