<?xml version="1.0" encoding="UTF-8"?>
<!-- Generated by org.testng.reporters.JUnitReportReporter -->
<testsuite hostname="Pawan" failures="0" tests="1" name="genericLibrary.DemoClass" time="10.098" errors="0" timestamp="2024-02-08T19:14:37 GMT" skipped="0">
  <testcase classname="genericLibrary.DemoClass" name="script" time="10.098"/>
  <system-out/>
</testsuite> <!-- genericLibrary.DemoClass -->
