<?xml version="1.0" encoding="UTF-8"?>
<!-- Generated by org.testng.reporters.JUnitReportReporter -->
<testsuite hostname="Pawan" failures="0" tests="1" name="batchExecution.LaunchSwiggy" time="8.296" errors="0" timestamp="2024-02-09T10:36:50 GMT" skipped="0">
  <testcase classname="batchExecution.LaunchSwiggy" name="swiggy" time="8.296"/>
  <system-out/>
</testsuite> <!-- batchExecution.LaunchSwiggy -->
