<?xml version="1.0" encoding="UTF-8"?>
<!-- Generated by org.testng.reporters.JUnitReportReporter -->
<testsuite hostname="Pawan" failures="0" tests="1" name="genericLibrary.TestScript_01" time="9.686" errors="0" timestamp="2024-02-16T11:21:05 GMT" skipped="0">
  <testcase classname="genericLibrary.TestScript_01" name="demo" time="9.686"/>
  <system-out/>
</testsuite> <!-- genericLibrary.TestScript_01 -->
