<?xml version="1.0" encoding="UTF-8"?>
<!-- Generated by org.testng.reporters.JUnitReportReporter -->
<testsuite hostname="Pawan" failures="0" tests="1" name="batchExecution.LaunchDemo" time="1.858" errors="0" timestamp="2024-02-16T10:42:48 GMT" skipped="0">
  <testcase classname="batchExecution.LaunchDemo" name="demo" time="1.858"/>
  <system-out/>
</testsuite> <!-- batchExecution.LaunchDemo -->
