<?xml version="1.0" encoding="UTF-8"?>
<!-- Generated by org.testng.reporters.JUnitReportReporter -->
<testsuite hostname="Pawan" failures="0" tests="1" name="assertion.HardAssertion" time="2.726" errors="0" timestamp="2024-02-14T10:28:13 GMT" skipped="0">
  <testcase classname="assertion.HardAssertion" name="launchDemo" time="2.726"/>
  <system-out/>
</testsuite> <!-- assertion.HardAssertion -->
