<?xml version="1.0" encoding="UTF-8"?>
<!-- Generated by org.testng.reporters.JUnitReportReporter -->
<testsuite hostname="Pawan" failures="0" tests="1" name="testNGMethod.Basic" time="0.017" errors="0" timestamp="2024-02-05T10:58:25 GMT" skipped="0">
  <testcase classname="testNGMethod.Basic" name="launch" time="0.017"/>
  <system-out>
    <![CDATA[testNg Installed]]>
  </system-out>
</testsuite> <!-- testNGMethod.Basic -->
