<?xml version="1.0" encoding="UTF-8"?>
<!-- Generated by org.testng.reporters.JUnitReportReporter -->
<testsuite hostname="Pawan" failures="0" tests="4" name="testNGMethod.PriorityMethod" time="0.014" errors="0" timestamp="2024-02-06T17:10:46 GMT" skipped="0">
  <testcase classname="testNGMethod.PriorityMethod" name="register" time="0.011"/>
  <system-out>
    <![CDATA[user has registered]]>
  </system-out>
  <testcase classname="testNGMethod.PriorityMethod" name="login" time="0.001"/>
  <system-out>
    <![CDATA[user has login the application]]>
  </system-out>
  <testcase classname="testNGMethod.PriorityMethod" name="addToCart" time="0.001"/>
  <system-out>
    <![CDATA[user has added to the cart]]>
  </system-out>
  <testcase classname="testNGMethod.PriorityMethod" name="logout" time="0.001"/>
  <system-out>
    <![CDATA[user has log out the application]]>
  </system-out>
</testsuite> <!-- testNGMethod.PriorityMethod -->
