<?xml version="1.0" encoding="UTF-8"?>
<!-- Generated by org.testng.reporters.JUnitReportReporter -->
<testsuite hostname="Pawan" failures="0" tests="1" name="testNGMethod.TimeOutMethod" time="0.014" errors="0" timestamp="2024-02-07T09:53:53 GMT" skipped="0">
  <testcase classname="testNGMethod.TimeOutMethod" name="launch" time="0.014"/>
  <system-out>
    <![CDATA[TestNg]]>
  </system-out>
</testsuite> <!-- testNGMethod.TimeOutMethod -->
