<?xml version="1.0" encoding="UTF-8"?>
<!-- Generated by org.testng.reporters.JUnitReportReporter -->
<testsuite hostname="Pawan" failures="0" tests="1" name="demoAppBatchExecution.LaunchDemo4" time="3.723" errors="0" timestamp="2024-02-09T19:13:23 GMT" skipped="0">
  <testcase classname="demoAppBatchExecution.LaunchDemo4" name="demo4" time="3.723"/>
  <system-out/>
</testsuite> <!-- demoAppBatchExecution.LaunchDemo4 -->
