<?xml version="1.0" encoding="UTF-8"?>
<!-- Generated by org.testng.reporters.JUnitReportReporter -->
<testsuite hostname="Pawan" failures="0" tests="4" name="testNGMethod.P2" time="0.019" errors="0" timestamp="2024-02-06T11:42:37 GMT" skipped="0">
  <testcase classname="testNGMethod.P2" name="login" time="0.003"/>
  <system-out>
    <![CDATA[Logged in]]>
  </system-out>
  <testcase classname="testNGMethod.P2" name="addToCart" time="0.003"/>
  <system-out>
    <![CDATA[Added to cart]]>
  </system-out>
  <testcase classname="testNGMethod.P2" name="logout" time="0.001"/>
  <system-out>
    <![CDATA[Logged out]]>
  </system-out>
  <testcase classname="testNGMethod.P2" name="register" time="0.012"/>
  <system-out>
    <![CDATA[User Registered]]>
  </system-out>
</testsuite> <!-- testNGMethod.P2 -->
