<?xml version="1.0" encoding="UTF-8"?>
<!-- Generated by org.testng.reporters.JUnitReportReporter -->
<testsuite hostname="Pawan" failures="0" tests="1" name="testNGMethod.LaunchDemoWebshop" time="2.297" errors="0" timestamp="2024-02-13T10:42:11 GMT" skipped="0">
  <testcase classname="testNGMethod.LaunchDemoWebshop" name="launchDemo" time="2.297"/>
  <system-out/>
</testsuite> <!-- testNGMethod.LaunchDemoWebshop -->
