<?xml version="1.0" encoding="UTF-8"?>
<!-- Generated by org.testng.reporters.JUnitReportReporter -->
<testsuite hostname="Pawan" failures="0" tests="3" name="testNGMethod.DependsOnMethod_Method" time="0.019" errors="0" timestamp="2024-02-06T11:28:12 GMT" skipped="0">
  <testcase classname="testNGMethod.DependsOnMethod_Method" name="register" time="0.016"/>
  <system-out>
    <![CDATA[user has registered]]>
  </system-out>
  <testcase classname="testNGMethod.DependsOnMethod_Method" name="login" time="0.001"/>
  <system-out>
    <![CDATA[user has login]]>
  </system-out>
  <testcase classname="testNGMethod.DependsOnMethod_Method" name="logout" time="0.002"/>
  <system-out>
    <![CDATA[user has logout]]>
  </system-out>
</testsuite> <!-- testNGMethod.DependsOnMethod_Method -->
