<?xml version="1.0" encoding="UTF-8"?>
<!-- Generated by org.testng.reporters.JUnitReportReporter -->
<testsuite hostname="Pawan" failures="0" tests="1" name="batchExecution.LaunchNetflix" time="1.918" errors="0" timestamp="2024-02-09T11:12:09 GMT" skipped="0">
  <testcase classname="batchExecution.LaunchNetflix" name="netflix" time="1.918"/>
  <system-out/>
</testsuite> <!-- batchExecution.LaunchNetflix -->
