<?xml version="1.0" encoding="UTF-8"?>
<!-- Generated by org.testng.reporters.JUnitReportReporter -->
<testsuite hostname="Pawan" failures="0" tests="3" name="testNGMethod.EnabledMethod" time="0.020" errors="0" timestamp="2024-02-07T19:28:12 GMT" skipped="0">
  <testcase classname="testNGMethod.EnabledMethod" name="login" time="0.016"/>
  <system-out>
    <![CDATA[user login]]>
  </system-out>
  <testcase classname="testNGMethod.EnabledMethod" name="addCart" time="0.002"/>
  <system-out>
    <![CDATA[user had added the product into cart]]>
  </system-out>
  <testcase classname="testNGMethod.EnabledMethod" name="logout" time="0.002"/>
  <system-out>
    <![CDATA[user logout]]>
  </system-out>
</testsuite> <!-- testNGMethod.EnabledMethod -->
