<?xml version="1.0" encoding="UTF-8"?>
<!-- Generated by org.testng.reporters.JUnitReportReporter -->
<testsuite hostname="Pawan" failures="0" tests="1" name="demoAppBatchExecution.LaunchDemo5" time="3.619" errors="0" timestamp="2024-02-09T19:14:34 GMT" skipped="0">
  <testcase classname="demoAppBatchExecution.LaunchDemo5" name="demo5" time="3.619"/>
  <system-out/>
</testsuite> <!-- demoAppBatchExecution.LaunchDemo5 -->
