<?xml version="1.0" encoding="UTF-8"?>
<!-- Generated by org.testng.reporters.JUnitReportReporter -->
<testsuite hostname="Pawan" failures="0" tests="1" name="assertion.SoftAssertion" time="2.585" errors="0" timestamp="2024-02-14T11:24:09 GMT" skipped="0">
  <testcase classname="assertion.SoftAssertion" name="launchDemo" time="2.585"/>
  <system-out/>
</testsuite> <!-- assertion.SoftAssertion -->
