<?xml version="1.0" encoding="UTF-8"?>
<!-- Generated by org.testng.reporters.JUnitReportReporter -->
<testsuite hostname="Pawan" failures="0" tests="1" name="demoAppBatchExecution.LaunchDemo1" time="3.737" errors="0" timestamp="2024-02-09T19:14:34 GMT" skipped="0">
  <testcase classname="demoAppBatchExecution.LaunchDemo1" name="demo1" time="3.737"/>
  <system-out/>
</testsuite> <!-- demoAppBatchExecution.LaunchDemo1 -->
