<?xml version="1.0" encoding="UTF-8"?>
<!-- Generated by org.testng.reporters.JUnitReportReporter -->
<testsuite hostname="Pawan" failures="0" tests="5" name="testNGMethod.ThreadPoolSizeMethod" time="0.041" errors="0" timestamp="2024-02-06T10:53:43 GMT" skipped="0">
  <testcase classname="testNGMethod.ThreadPoolSizeMethod" name="addCart" time="0.002"/>
  <system-out>
    <![CDATA[user has added the product]]>
  </system-out>
  <testcase classname="testNGMethod.ThreadPoolSizeMethod" name="logout" time="0.004"/>
  <system-out>
    <![CDATA[user has logout]]>
  </system-out>
  <testcase classname="testNGMethod.ThreadPoolSizeMethod" name="logout" time="0.003"/>
  <system-out>
    <![CDATA[user has logout]]>
  </system-out>
  <testcase classname="testNGMethod.ThreadPoolSizeMethod" name="addCart" time="0.029"/>
  <system-out>
    <![CDATA[user has added the product]]>
  </system-out>
  <testcase classname="testNGMethod.ThreadPoolSizeMethod" name="login" time="0.003"/>
  <system-out>
    <![CDATA[user has login]]>
  </system-out>
</testsuite> <!-- testNGMethod.ThreadPoolSizeMethod -->
