<?xml version="1.0" encoding="UTF-8"?>
<!-- Generated by org.testng.reporters.JUnitReportReporter -->
<testsuite hostname="Pawan" failures="0" tests="14" name="testNGMethod.InvocationCountMethod" time="0.029" errors="0" timestamp="2024-02-06T17:14:06 GMT" skipped="0">
  <testcase classname="testNGMethod.InvocationCountMethod" name="register" time="0.001"/>
  <system-out>
    <![CDATA[user has registered]]>
  </system-out>
  <testcase classname="testNGMethod.InvocationCountMethod" name="register" time="0.002"/>
  <system-out>
    <![CDATA[user has registered]]>
  </system-out>
  <testcase classname="testNGMethod.InvocationCountMethod" name="register" time="0.001"/>
  <system-out>
    <![CDATA[user has registered]]>
  </system-out>
  <testcase classname="testNGMethod.InvocationCountMethod" name="register" time="0.013"/>
  <system-out>
    <![CDATA[user has registered]]>
  </system-out>
  <testcase classname="testNGMethod.InvocationCountMethod" name="register" time="0.001"/>
  <system-out>
    <![CDATA[user has registered]]>
  </system-out>
  <testcase classname="testNGMethod.InvocationCountMethod" name="login" time="0.001"/>
  <system-out>
    <![CDATA[user has login]]>
  </system-out>
  <testcase classname="testNGMethod.InvocationCountMethod" name="login" time="0.001"/>
  <system-out>
    <![CDATA[user has login]]>
  </system-out>
  <testcase classname="testNGMethod.InvocationCountMethod" name="addCart" time="0.001"/>
  <system-out>
    <![CDATA[user has add to cart]]>
  </system-out>
  <testcase classname="testNGMethod.InvocationCountMethod" name="addCart" time="0.002"/>
  <system-out>
    <![CDATA[user has add to cart]]>
  </system-out>
  <testcase classname="testNGMethod.InvocationCountMethod" name="addCart" time="0.001"/>
  <system-out>
    <![CDATA[user has add to cart]]>
  </system-out>
  <testcase classname="testNGMethod.InvocationCountMethod" name="logout" time="0.002"/>
  <system-out>
    <![CDATA[user has logout]]>
  </system-out>
  <testcase classname="testNGMethod.InvocationCountMethod" name="logout" time="0.001"/>
  <system-out>
    <![CDATA[user has logout]]>
  </system-out>
  <testcase classname="testNGMethod.InvocationCountMethod" name="logout" time="0.001"/>
  <system-out>
    <![CDATA[user has logout]]>
  </system-out>
  <testcase classname="testNGMethod.InvocationCountMethod" name="logout" time="0.001"/>
  <system-out>
    <![CDATA[user has logout]]>
  </system-out>
</testsuite> <!-- testNGMethod.InvocationCountMethod -->
