<?xml version="1.0" encoding="UTF-8"?>
<!-- Generated by org.testng.reporters.JUnitReportReporter -->
<testsuite hostname="Pawan" failures="0" tests="2" name="testNGMethod.CrossBrowserTesting" time="7.087" errors="0" timestamp="2024-02-12T10:47:24 GMT" skipped="0">
  <testcase classname="testNGMethod.CrossBrowserTesting" name="launch" time="5.045"/>
  <system-out/>
  <testcase classname="testNGMethod.CrossBrowserTesting" name="launch" time="2.042"/>
  <system-out/>
</testsuite> <!-- testNGMethod.CrossBrowserTesting -->
