<?xml version="1.0" encoding="UTF-8"?>
<!-- Generated by org.testng.reporters.JUnitReportReporter -->
<testsuite hostname="Pawan" failures="0" tests="1" name="demoAppBatchExecution.LaunchDemo2" time="4.026" errors="0" timestamp="2024-02-09T19:13:23 GMT" skipped="0">
  <testcase classname="demoAppBatchExecution.LaunchDemo2" name="demo2" time="4.026"/>
  <system-out/>
</testsuite> <!-- demoAppBatchExecution.LaunchDemo2 -->
