<?xml version="1.0" encoding="UTF-8"?>
<!-- Generated by org.testng.reporters.JUnitReportReporter -->
<testsuite hostname="Pawan" failures="0" tests="1" name="batchExecution.LaunchAjio" time="3.850" errors="0" timestamp="2024-02-09T11:12:09 GMT" skipped="0">
  <testcase classname="batchExecution.LaunchAjio" name="ajio" time="3.850"/>
  <system-out/>
</testsuite> <!-- batchExecution.LaunchAjio -->
