<?xml version="1.0" encoding="UTF-8"?>
<!-- Generated by org.testng.reporters.JUnitReportReporter -->
<testsuite hostname="Pawan" failures="0" tests="1" name="testNGMethod.AnnotationMethod" time="0.009" errors="0" timestamp="2024-02-08T10:15:58 GMT" skipped="0">
  <testcase classname="testNGMethod.AnnotationMethod" name="action" time="0.009"/>
  <system-out>
    <![CDATA[user has performed actions]]>
  </system-out>
</testsuite> <!-- testNGMethod.AnnotationMethod -->
