<?xml version="1.0" encoding="UTF-8"?>
<!-- Generated by org.testng.reporters.JUnitReportReporter -->
<testsuite hostname="Pawan" failures="0" tests="2" name="testNGMethod.AlwaysRunMethod" time="5.878" errors="0" timestamp="2024-02-08T10:14:23 GMT" skipped="0">
  <testcase classname="testNGMethod.AlwaysRunMethod" name="demo" time="4.141"/>
  <system-out/>
  <testcase classname="testNGMethod.AlwaysRunMethod" name="logout" time="1.737"/>
  <system-out/>
</testsuite> <!-- testNGMethod.AlwaysRunMethod -->
