<?xml version="1.0" encoding="UTF-8"?>
<!-- Generated by org.testng.reporters.JUnitReportReporter -->
<testsuite hostname="Pawan" failures="0" tests="4" name="testNGMethod.P1" time="0.019" errors="0" timestamp="2024-02-06T11:41:54 GMT" skipped="0">
  <testcase classname="testNGMethod.P1" name="login" time="0.002"/>
  <system-out>
    <![CDATA[Logged in]]>
  </system-out>
  <testcase classname="testNGMethod.P1" name="addToCart" time="0.002"/>
  <system-out>
    <![CDATA[Added to cart]]>
  </system-out>
  <testcase classname="testNGMethod.P1" name="logout" time="0.001"/>
  <system-out>
    <![CDATA[Logged out]]>
  </system-out>
  <testcase classname="testNGMethod.P1" name="register" time="0.014"/>
  <system-out>
    <![CDATA[User Registered]]>
  </system-out>
</testsuite> <!-- testNGMethod.P1 -->
