<?xml version="1.0" encoding="UTF-8"?>
<!-- Generated by org.testng.reporters.JUnitReportReporter -->
<testsuite hostname="Pawan" failures="0" tests="1" name="common.LaunchDemo" time="2.795" errors="0" timestamp="2024-02-20T10:31:10 GMT" skipped="0">
  <testcase classname="common.LaunchDemo" name="demo" time="2.795"/>
  <system-out/>
</testsuite> <!-- common.LaunchDemo -->
